<?xml version="1.0" encoding="UTF-8"?>
<testng-results ignored="0" total="1" passed="1" failed="0" skipped="0">
  <reporter-output>
  </reporter-output>
  <suite started-at="2024-11-28T23:58:46 IST" name="Default suite" finished-at="2024-11-28T23:58:46 IST" duration-ms="190">
    <groups>
    </groups>
    <test started-at="2024-11-28T23:58:46 IST" name="Default test" finished-at="2024-11-28T23:58:46 IST" duration-ms="190">
      <class name="TestNg_Basic.sample2">
        <test-method signature="Testcase1()[pri:0, instance:TestNg_Basic.sample2@4dbb42b7]" started-at="2024-11-28T23:58:46 IST" name="Testcase1" finished-at="2024-11-28T23:58:46 IST" duration-ms="32" status="PASS">
          <reporter-output>
          </reporter-output>
        </test-method> <!-- Testcase1 -->
      </class> <!-- TestNg_Basic.sample2 -->
    </test> <!-- Default test -->
  </suite> <!-- Default suite -->
</testng-results>
